<?xml version="1.0" encoding="UTF-8"?>
<testng-results ignored="0" total="1" passed="1" failed="0" skipped="0">
  <reporter-output>
  </reporter-output>
  <suite started-at="2022-08-02T17:21:34 IST" name="Default suite" finished-at="2022-08-02T17:21:42 IST" duration-ms="8323">
    <groups>
    </groups>
    <test started-at="2022-08-02T17:21:34 IST" name="Default test" finished-at="2022-08-02T17:21:42 IST" duration-ms="8323">
      <class name="com.CQA.RESTAPI.Deserialization">
        <test-method signature="deserialze()[pri:0, instance:com.CQA.RESTAPI.Deserialization@3c7f66c4]" started-at="2022-08-02T17:21:34 IST" name="deserialze" finished-at="2022-08-02T17:21:42 IST" duration-ms="8229" status="PASS">
          <reporter-output>
          </reporter-output>
        </test-method> <!-- deserialze -->
      </class> <!-- com.CQA.RESTAPI.Deserialization -->
    </test> <!-- Default test -->
  </suite> <!-- Default suite -->
</testng-results>
