<?xml version="1.0" encoding="UTF-8"?>
<testng-results ignored="10" total="11" passed="1" failed="0" skipped="0">
  <reporter-output>
  </reporter-output>
  <suite started-at="2022-08-24T12:10:45 IST" name="Default suite" finished-at="2022-08-24T12:10:52 IST" duration-ms="6674">
    <groups>
    </groups>
    <test started-at="2022-08-24T12:10:45 IST" name="Default test" finished-at="2022-08-24T12:10:52 IST" duration-ms="6674">
      <class name="com.CQA.RESTAPI.RestApiTest">
        <test-method signature="getPosts()[pri:0, instance:com.CQA.RESTAPI.RestApiTest@21282ed8]" started-at="2022-08-24T12:10:46 IST" name="getPosts" finished-at="2022-08-24T12:10:52 IST" duration-ms="6428" status="PASS">
          <reporter-output>
          </reporter-output>
        </test-method> <!-- getPosts -->
      </class> <!-- com.CQA.RESTAPI.RestApiTest -->
    </test> <!-- Default test -->
  </suite> <!-- Default suite -->
</testng-results>
