<?xml version="1.0" encoding="UTF-8"?>
<testng-results ignored="0" total="1" passed="1" failed="0" skipped="0">
  <reporter-output>
  </reporter-output>
  <suite started-at="2022-08-19T14:04:29 IST" name="Default suite" finished-at="2022-08-19T14:04:36 IST" duration-ms="7467">
    <groups>
    </groups>
    <test started-at="2022-08-19T14:04:29 IST" name="Default test" finished-at="2022-08-19T14:04:36 IST" duration-ms="7467">
      <class name="com.CQA.APIFramework.TestGETPerson">
        <test-method is-config="true" signature="init()[pri:0, instance:com.CQA.APIFramework.TestGETPerson@1838ccb8]" started-at="2022-08-19T14:04:29 IST" name="init" finished-at="2022-08-19T14:04:31 IST" duration-ms="1823" status="PASS">
          <reporter-output>
          </reporter-output>
        </test-method> <!-- init -->
        <test-method signature="testGetAllPerson()[pri:0, instance:com.CQA.APIFramework.TestGETPerson@1838ccb8]" started-at="2022-08-19T14:04:31 IST" name="testGetAllPerson" finished-at="2022-08-19T14:04:36 IST" duration-ms="5354" status="PASS">
          <reporter-output>
          </reporter-output>
        </test-method> <!-- testGetAllPerson -->
      </class> <!-- com.CQA.APIFramework.TestGETPerson -->
    </test> <!-- Default test -->
  </suite> <!-- Default suite -->
</testng-results>
