<?xml version="1.0" encoding="UTF-8"?>
<!-- Generated by org.testng.reporters.JUnitXMLReporter -->
<testsuite ignored="10" hostname="LAPTOP-NJ4R4OAH" failures="0" tests="1" name="Default test" time="6.674" errors="0" timestamp="2022-08-24T12:10:52 IST">
  <testcase classname="com.CQA.RESTAPI.RestApiTest" name="getPosts" time="6.428"/>
  <testcase classname="com.CQA.RESTAPI.RestApiTest" name="createPost" time="0.0">
    <ignored/>
  </testcase> <!-- createPost -->
  <testcase classname="com.CQA.RESTAPI.RestApiTest" name="addComment" time="0.0">
    <ignored/>
  </testcase> <!-- addComment -->
  <testcase classname="com.CQA.RESTAPI.RestApiTest" name="getCommentforPostId1" time="0.0">
    <ignored/>
  </testcase> <!-- getCommentforPostId1 -->
  <testcase classname="com.CQA.RESTAPI.RestApiTest" name="getAllComents" time="0.0">
    <ignored/>
  </testcase> <!-- getAllComents -->
  <testcase classname="com.CQA.RESTAPI.RestApiTest" name="getProfile" time="0.0">
    <ignored/>
  </testcase> <!-- getProfile -->
  <testcase classname="com.CQA.RESTAPI.RestApiTest" name="updatePost" time="0.0">
    <ignored/>
  </testcase> <!-- updatePost -->
  <testcase classname="com.CQA.RESTAPI.RestApiTest" name="updateComment" time="0.0">
    <ignored/>
  </testcase> <!-- updateComment -->
  <testcase classname="com.CQA.RESTAPI.RestApiTest" name="deleteComment" time="0.0">
    <ignored/>
  </testcase> <!-- deleteComment -->
  <testcase classname="com.CQA.RESTAPI.RestApiTest" name="updatewithpatchComment" time="0.0">
    <ignored/>
  </testcase> <!-- updatewithpatchComment -->
  <testcase classname="com.CQA.RESTAPI.RestApiTest" name="deletePost" time="0.0">
    <ignored/>
  </testcase> <!-- deletePost -->
</testsuite> <!-- Default test -->
