<?xml version="1.0" encoding="UTF-8"?>
<!-- Generated by org.testng.reporters.JUnitXMLReporter -->
<testsuite ignored="9" hostname="LAPTOP-NJ4R4OAH" failures="1" tests="1" name="Default test" time="6.527" errors="0" timestamp="2022-07-27T14:51:12 IST">
  <testcase classname="com.CQA.RESTAPI.SpotifyPlaylistsApi" name="GetCurrentUserPlaylists" time="6.341">
    <failure type="java.lang.IllegalArgumentException" message="Invalid JSON expression:
Script1.groovy: 1: Unexpected input: &amp;apos;                         [&amp;apos; @ line 1, column 27.
                            [items].id
                             ^

1 error
">
      <![CDATA[java.lang.IllegalArgumentException: Invalid JSON expression:
Script1.groovy: 1: Unexpected input: '                         [' @ line 1, column 27.
                            [items].id
                             ^

1 error

at java.base/jdk.internal.reflect.NativeConstructorAccessorImpl.newInstance0(Native Method)
at java.base/jdk.internal.reflect.NativeConstructorAccessorImpl.newInstance(NativeConstructorAccessorImpl.java:62)
at java.base/jdk.internal.reflect.DelegatingConstructorAccessorImpl.newInstance(DelegatingConstructorAccessorImpl.java:45)
at java.base/java.lang.reflect.Constructor.newInstance(Constructor.java:490)
at org.codehaus.groovy.reflection.CachedConstructor.invoke(CachedConstructor.java:73)
at org.codehaus.groovy.runtime.callsite.ConstructorSite$ConstructorSiteNoUnwrapNoCoerce.callConstructor(ConstructorSite.java:108)
at org.codehaus.groovy.runtime.callsite.CallSiteArray.defaultCallConstructor(CallSiteArray.java:58)
at org.codehaus.groovy.runtime.callsite.AbstractCallSite.callConstructor(AbstractCallSite.java:263)
at org.codehaus.groovy.runtime.callsite.AbstractCallSite.callConstructor(AbstractCallSite.java:286)
at io.restassured.internal.path.json.JSONAssertion.getAsJsonObject(JSONAssertion.groovy:61)
at io.restassured.internal.path.json.JSONAssertion$getAsJsonObject.callCurrent(Unknown Source)
at org.codehaus.groovy.runtime.callsite.CallSiteArray.defaultCallCurrent(CallSiteArray.java:50)
at org.codehaus.groovy.runtime.callsite.AbstractCallSite.callCurrent(AbstractCallSite.java:171)
at org.codehaus.groovy.runtime.callsite.AbstractCallSite.callCurrent(AbstractCallSite.java:185)
at io.restassured.internal.path.json.JSONAssertion.getResult(JSONAssertion.groovy:28)
at io.restassured.path.json.JsonPath.get(JsonPath.java:203)
at io.restassured.path.json.JsonPath$get$0.call(Unknown Source)
at org.codehaus.groovy.runtime.callsite.CallSiteArray.defaultCall(CallSiteArray.java:46)
at org.codehaus.groovy.runtime.callsite.AbstractCallSite.call(AbstractCallSite.java:125)
at org.codehaus.groovy.runtime.callsite.AbstractCallSite.call(AbstractCallSite.java:139)
at io.restassured.internal.RestAssuredResponseOptionsGroovyImpl.path(RestAssuredResponseOptionsGroovyImpl.groovy:412)
at io.restassured.internal.RestAssuredResponseOptionsImpl.path(RestAssuredResponseOptionsImpl.java:230)
at com.CQA.RESTAPI.SpotifyPlaylistsApi.GetCurrentUserPlaylists(SpotifyPlaylistsApi.java:24)
at java.base/jdk.internal.reflect.NativeMethodAccessorImpl.invoke0(Native Method)
at java.base/jdk.internal.reflect.NativeMethodAccessorImpl.invoke(NativeMethodAccessorImpl.java:62)
at java.base/jdk.internal.reflect.DelegatingMethodAccessorImpl.invoke(DelegatingMethodAccessorImpl.java:43)
at java.base/java.lang.reflect.Method.invoke(Method.java:566)
at org.testng.internal.invokers.MethodInvocationHelper.invokeMethod(MethodInvocationHelper.java:139)
at org.testng.internal.invokers.TestInvoker.invokeMethod(TestInvoker.java:677)
at org.testng.internal.invokers.TestInvoker.invokeTestMethod(TestInvoker.java:221)
at org.testng.internal.invokers.MethodRunner.runInSequence(MethodRunner.java:50)
at org.testng.internal.invokers.TestInvoker$MethodInvocationAgent.invoke(TestInvoker.java:962)
at org.testng.internal.invokers.TestInvoker.invokeTestMethods(TestInvoker.java:194)
at org.testng.internal.invokers.TestMethodWorker.invokeTestMethods(TestMethodWorker.java:148)
at org.testng.internal.invokers.TestMethodWorker.run(TestMethodWorker.java:128)
at java.base/java.util.ArrayList.forEach(ArrayList.java:1541)
at org.testng.TestRunner.privateRun(TestRunner.java:806)
at org.testng.TestRunner.run(TestRunner.java:601)
at org.testng.SuiteRunner.runTest(SuiteRunner.java:433)
at org.testng.SuiteRunner.runSequentially(SuiteRunner.java:427)
at org.testng.SuiteRunner.privateRun(SuiteRunner.java:387)
at org.testng.SuiteRunner.run(SuiteRunner.java:330)
at org.testng.SuiteRunnerWorker.runSuite(SuiteRunnerWorker.java:52)
at org.testng.SuiteRunnerWorker.run(SuiteRunnerWorker.java:95)
at org.testng.TestNG.runSuitesSequentially(TestNG.java:1256)
at org.testng.TestNG.runSuitesLocally(TestNG.java:1176)
at org.testng.TestNG.runSuites(TestNG.java:1099)
at org.testng.TestNG.run(TestNG.java:1067)
at org.testng.remote.AbstractRemoteTestNG.run(AbstractRemoteTestNG.java:115)
at org.testng.remote.RemoteTestNG.initAndRun(RemoteTestNG.java:251)
at org.testng.remote.RemoteTestNG.main(RemoteTestNG.java:77)
Caused by: org.codehaus.groovy.control.MultipleCompilationErrorsException: startup failed:
Script1.groovy: 1: Unexpected input: 'restAssuredJsonRootObject.[' @ line 1, column 27.
   restAssuredJsonRootObject.[items].id
                             ^

1 error

at org.codehaus.groovy.control.ErrorCollector.failIfErrors(ErrorCollector.java:292)
at org.codehaus.groovy.control.ErrorCollector.addFatalError(ErrorCollector.java:148)
at org.apache.groovy.parser.antlr4.AstBuilder.collectSyntaxError(AstBuilder.java:5059)
at org.apache.groovy.parser.antlr4.AstBuilder.access$100(AstBuilder.java:378)
at org.apache.groovy.parser.antlr4.AstBuilder$3.syntaxError(AstBuilder.java:5070)
at groovyjarjarantlr4.v4.runtime.ProxyErrorListener.syntaxError(ProxyErrorListener.java:44)
at groovyjarjarantlr4.v4.runtime.Parser.notifyErrorListeners(Parser.java:543)
at groovyjarjarantlr4.v4.runtime.DefaultErrorStrategy.notifyErrorListeners(DefaultErrorStrategy.java:154)
at org.apache.groovy.parser.antlr4.internal.DescriptiveErrorStrategy.reportNoViableAlternative(DescriptiveErrorStrategy.java:92)
at org.apache.groovy.parser.antlr4.internal.DescriptiveErrorStrategy.recover(DescriptiveErrorStrategy.java:53)
at org.apache.groovy.parser.antlr4.GroovyParser.scriptStatement(GroovyParser.java:528)
at org.apache.groovy.parser.antlr4.GroovyParser.scriptStatements(GroovyParser.java:416)
at org.apache.groovy.parser.antlr4.GroovyParser.compilationUnit(GroovyParser.java:363)
at org.apache.groovy.parser.antlr4.AstBuilder.buildCST(AstBuilder.java:452)
at org.apache.groovy.parser.antlr4.AstBuilder.buildCST(AstBuilder.java:430)
at org.apache.groovy.parser.antlr4.AstBuilder.buildAST(AstBuilder.java:471)
at org.apache.groovy.parser.antlr4.Antlr4ParserPlugin.buildAST(Antlr4ParserPlugin.java:58)
at org.codehaus.groovy.control.SourceUnit.buildAST(SourceUnit.java:250)
at java.base/java.util.Iterator.forEachRemaining(Iterator.java:133)
at java.base/java.util.Spliterators$IteratorSpliterator.forEachRemaining(Spliterators.java:1801)
at java.base/java.util.stream.ReferencePipeline$Head.forEach(ReferencePipeline.java:658)
at org.codehaus.groovy.control.CompilationUnit.compile(CompilationUnit.java:624)
at groovy.lang.GroovyClassLoader.doParseClass(GroovyClassLoader.java:368)
at groovy.lang.GroovyClassLoader.lambda$parseClass$2(GroovyClassLoader.java:311)
at org.codehaus.groovy.runtime.memoize.StampedCommonCache.compute(StampedCommonCache.java:163)
at org.codehaus.groovy.runtime.memoize.StampedCommonCache.getAndPut(StampedCommonCache.java:154)
at groovy.lang.GroovyClassLoader.parseClass(GroovyClassLoader.java:309)
at groovy.lang.GroovyShell.parseClass(GroovyShell.java:543)
at groovy.lang.GroovyShell.parse(GroovyShell.java:556)
at groovy.lang.GroovyShell.parse(GroovyShell.java:568)
at groovy.lang.GroovyShell.evaluate(GroovyShell.java:431)
at groovy.lang.GroovyShell.evaluate(GroovyShell.java:466)
at groovy.lang.GroovyShell.evaluate(GroovyShell.java:441)
at java.base/jdk.internal.reflect.NativeMethodAccessorImpl.invoke0(Native Method)
at java.base/jdk.internal.reflect.NativeMethodAccessorImpl.invoke(NativeMethodAccessorImpl.java:62)
at java.base/jdk.internal.reflect.DelegatingMethodAccessorImpl.invoke(DelegatingMethodAccessorImpl.java:43)
at java.base/java.lang.reflect.Method.invoke(Method.java:566)
at org.codehaus.groovy.runtime.callsite.PlainObjectMetaMethodSite.doInvoke(PlainObjectMetaMethodSite.java:43)
at org.codehaus.groovy.runtime.callsite.PogoMetaMethodSite$PogoCachedMethodSiteNoUnwrap.invoke(PogoMetaMethodSite.java:186)
at org.codehaus.groovy.runtime.callsite.PogoMetaMethodSite.call(PogoMetaMethodSite.java:75)
at org.codehaus.groovy.runtime.callsite.CallSiteArray.defaultCall(CallSiteArray.java:46)
at org.codehaus.groovy.runtime.callsite.AbstractCallSite.call(AbstractCallSite.java:125)
at org.codehaus.groovy.runtime.callsite.AbstractCallSite.call(AbstractCallSite.java:139)
at io.restassured.internal.path.json.JSONAssertion.eval(JSONAssertion.groovy:84)
at io.restassured.internal.path.json.JSONAssertion.this$2$eval(JSONAssertion.groovy)
at java.base/jdk.internal.reflect.NativeMethodAccessorImpl.invoke0(Native Method)
at java.base/jdk.internal.reflect.NativeMethodAccessorImpl.invoke(NativeMethodAccessorImpl.java:62)
at java.base/jdk.internal.reflect.DelegatingMethodAccessorImpl.invoke(DelegatingMethodAccessorImpl.java:43)
at java.base/java.lang.reflect.Method.invoke(Method.java:566)
at org.codehaus.groovy.runtime.callsite.PlainObjectMetaMethodSite.doInvoke(PlainObjectMetaMethodSite.java:43)
at org.codehaus.groovy.runtime.callsite.PogoMetaMethodSite$PogoCachedMethodSiteNoUnwrapNoCoerce.invoke(PogoMetaMethodSite.java:198)
at org.codehaus.groovy.runtime.callsite.PogoMetaMethodSite.callCurrent(PogoMetaMethodSite.java:62)
at org.codehaus.groovy.runtime.callsite.CallSiteArray.defaultCallCurrent(CallSiteArray.java:50)
at org.codehaus.groovy.runtime.callsite.AbstractCallSite.callCurrent(AbstractCallSite.java:171)
at org.codehaus.groovy.runtime.callsite.AbstractCallSite.callCurrent(AbstractCallSite.java:203)
at io.restassured.internal.path.json.JSONAssertion.getAsJsonObject(JSONAssertion.groovy:46)
... 41 more
]]>
    </failure>
  </testcase> <!-- GetCurrentUserPlaylists -->
  <testcase classname="com.CQA.RESTAPI.SpotifyPlaylistsApi" name="CreatePlaylist" time="0.0">
    <ignored/>
  </testcase> <!-- CreatePlaylist -->
  <testcase classname="com.CQA.RESTAPI.SpotifyPlaylistsApi" name="RemovePlaylistItems" time="0.0">
    <ignored/>
  </testcase> <!-- RemovePlaylistItems -->
  <testcase classname="com.CQA.RESTAPI.SpotifyPlaylistsApi" name="ChangePlaylistDetails" time="0.0">
    <ignored/>
  </testcase> <!-- ChangePlaylistDetails -->
  <testcase classname="com.CQA.RESTAPI.SpotifyPlaylistsApi" name="GetPlaylistItems" time="0.0">
    <ignored/>
  </testcase> <!-- GetPlaylistItems -->
  <testcase classname="com.CQA.RESTAPI.SpotifyPlaylistsApi" name="GetPlaylistCoverImage" time="0.0">
    <ignored/>
  </testcase> <!-- GetPlaylistCoverImage -->
  <testcase classname="com.CQA.RESTAPI.SpotifyPlaylistsApi" name="GetPlaylist" time="0.0">
    <ignored/>
  </testcase> <!-- GetPlaylist -->
  <testcase classname="com.CQA.RESTAPI.SpotifyPlaylistsApi" name="GetUserPlaylists" time="0.0">
    <ignored/>
  </testcase> <!-- GetUserPlaylists -->
  <testcase classname="com.CQA.RESTAPI.SpotifyPlaylistsApi" name="UpdatePlaylistItems" time="0.0">
    <ignored/>
  </testcase> <!-- UpdatePlaylistItems -->
  <testcase classname="com.CQA.RESTAPI.SpotifyPlaylistsApi" name="AddItemstoPlaylist" time="0.0">
    <ignored/>
  </testcase> <!-- AddItemstoPlaylist -->
</testsuite> <!-- Default test -->
